app/build/intermediates/manifest_merge_blame_file/release/manifest-merger-blame-release-report.txt
1<?xml version="1.0" encoding="utf-8"?>
2<manifest xmlns:android="http://schemas.android.com/apk/res/android"
3    package="kr.knetz.qn.app"
4    android:minSdkVersion="21"
5    android:versionCode="2"
6    android:versionName="1.0.1" > <!-- android:installLocation="preferExternal" -->
7    <uses-sdk
7-->src\main\AndroidManifest.xml:10:5-13:11
8        android:minSdkVersion="21"
8-->src\main\AndroidManifest.xml:12:9-35
9        android:targetSdkVersion="29" />
9-->src\main\AndroidManifest.xml:10:5-13:11
10
11    <uses-feature android:name="android.hardware.usb.host" />
11-->src\main\AndroidManifest.xml:15:5-62
11-->src\main\AndroidManifest.xml:15:19-59
12
13    <uses-permission android:name="android.permission.READ_EXTERNAL_STORAGE" />
13-->src\main\AndroidManifest.xml:16:5-80
13-->src\main\AndroidManifest.xml:16:22-77
14    <uses-permission android:name="android.permission.WRITE_EXTERNAL_STORAGE" />
14-->src\main\AndroidManifest.xml:17:5-81
14-->src\main\AndroidManifest.xml:17:22-78
15    <!-- <uses-permission android:name="android.permission.RECORD_AUDIO" /> -->
16    <uses-permission android:name="android.permission.BLUETOOTH_ADMIN" />
16-->src\main\AndroidManifest.xml:19:5-74
16-->src\main\AndroidManifest.xml:19:22-71
17    <uses-permission android:name="android.permission.BLUETOOTH" />
17-->src\main\AndroidManifest.xml:20:5-68
17-->src\main\AndroidManifest.xml:20:22-65
18
19    <!-- <uses-permission android:name="android.permission.INTERACT_ACROSS_USERS_FULL" /> -->
20    <!-- <uses-permission android:name="android.permission.READ_PHONE_STATE" /> -->
21    <application
21-->src\main\AndroidManifest.xml:24:5-85:19
22        android:name="kr.knetz.qn.app.KNetzApp"
22-->src\main\AndroidManifest.xml:25:9-48
23        android:allowBackup="false"
23-->src\main\AndroidManifest.xml:26:9-36
24        android:icon="@drawable/knetz_2_512"
24-->src\main\AndroidManifest.xml:27:9-45
25        android:label="@string/app_name"
25-->src\main\AndroidManifest.xml:28:9-41
26        android:theme="@style/OTGAppUITheme" >
26-->src\main\AndroidManifest.xml:29:9-45
27
28        <!-- android:icon="@mipmap/au" -->
29        <!-- android:roundIcon="@mipmap/au_round" -->
30        <!-- android:icon="@mipmap/ntt_docomo" -->
31        <!-- android:roundIcon="@mipmap/ntt_docomo_round" -->
32
33
34        <!-- android:theme="@style/StyledIndicators" -->
35        <activity
35-->src\main\AndroidManifest.xml:38:9-54:20
36            android:name="kr.knetz.qn.app.v.MainActivity"
36-->src\main\AndroidManifest.xml:39:13-58
37            android:clearTaskOnLaunch="true"
37-->src\main\AndroidManifest.xml:43:13-45
38            android:label="@string/app_name"
38-->src\main\AndroidManifest.xml:40:13-45
39            android:launchMode="singleTop"
39-->src\main\AndroidManifest.xml:41:13-43
40            android:screenOrientation="portrait" >
40-->src\main\AndroidManifest.xml:42:13-49
41            <intent-filter>
41-->src\main\AndroidManifest.xml:44:13-47:29
42                <action android:name="android.intent.action.MAIN" />
42-->src\main\AndroidManifest.xml:45:17-69
42-->src\main\AndroidManifest.xml:45:25-66
43
44                <category android:name="android.intent.category.LAUNCHER" />
44-->src\main\AndroidManifest.xml:46:17-77
44-->src\main\AndroidManifest.xml:46:27-74
45            </intent-filter>
46            <intent-filter>
46-->src\main\AndroidManifest.xml:48:13-50:29
47                <action android:name="android.hardware.usb.action.USB_DEVICE_ATTACHED" />
47-->src\main\AndroidManifest.xml:49:17-90
47-->src\main\AndroidManifest.xml:49:25-87
48            </intent-filter>
49
50            <meta-data
50-->src\main\AndroidManifest.xml:51:13-53:57
51                android:name="android.hardware.usb.action.USB_DEVICE_ATTACHED"
51-->src\main\AndroidManifest.xml:52:17-79
52                android:resource="@xml/device_filter" />
52-->src\main\AndroidManifest.xml:53:17-54
53        </activity>
54        <activity
54-->src\main\AndroidManifest.xml:55:9-58:20
55            android:name="kr.knetz.qn.app.v.h.LoginActivity"
55-->src\main\AndroidManifest.xml:56:13-61
56            android:windowSoftInputMode="stateAlwaysHidden" >
56-->src\main\AndroidManifest.xml:57:13-60
57        </activity>
58        <activity
58-->src\main\AndroidManifest.xml:59:9-61:20
59            android:name="kr.knetz.qn.app.v.h.ConnectActivity"
59-->src\main\AndroidManifest.xml:59:19-69
60            android:clearTaskOnLaunch="true" >
60-->src\main\AndroidManifest.xml:60:13-45
61        </activity>
62        <activity android:name="kr.knetz.qn.app.v.h.FileListActivity" >
62-->src\main\AndroidManifest.xml:62:9-63:20
62-->src\main\AndroidManifest.xml:62:19-70
63        </activity>
64        <activity android:name="kr.knetz.qn.app.v.h.HistoryActivity" >
64-->src\main\AndroidManifest.xml:64:9-65:20
64-->src\main\AndroidManifest.xml:64:19-69
65        </activity>
66        <activity
66-->src\main\AndroidManifest.xml:66:9-69:66
67            android:name="kr.knetz.qn.app.v.h.DeviceListActivity"
67-->src\main\AndroidManifest.xml:66:19-72
68            android:configChanges="orientation|keyboardHidden"
68-->src\main\AndroidManifest.xml:69:13-63
69            android:label="@string/select_device"
69-->src\main\AndroidManifest.xml:67:13-50
70            android:theme="@android:style/Theme.Dialog" />
70-->src\main\AndroidManifest.xml:68:13-56
71
72        <service
72-->src\main\AndroidManifest.xml:70:9-79:19
73            android:name="kr.knetz.qn.app.v.h.DeviceService"
73-->src\main\AndroidManifest.xml:71:13-61
74            android:enabled="true" >
74-->src\main\AndroidManifest.xml:72:13-35
75            <intent-filter>
75-->src\main\AndroidManifest.xml:73:13-78:29
76                <action android:name="SEND_MSG_FROM_BT_ACTION" />
76-->src\main\AndroidManifest.xml:74:17-66
76-->src\main\AndroidManifest.xml:74:25-63
77                <action android:name="CONNECT_REQUEST_ACTION" />
77-->src\main\AndroidManifest.xml:75:17-65
77-->src\main\AndroidManifest.xml:75:25-62
78                <action android:name="DISCONNECT_REQUEST_ACTION" />
78-->src\main\AndroidManifest.xml:76:17-68
78-->src\main\AndroidManifest.xml:76:25-65
79                <action android:name="START_MONITOR_ACTION" />
79-->src\main\AndroidManifest.xml:77:17-63
79-->src\main\AndroidManifest.xml:77:25-60
80            </intent-filter>
81        </service>
82
83        <activity
83-->src\main\AndroidManifest.xml:81:9-84:20
84            android:name="kr.knetz.qn.app.v.h.SettingActivity"
84-->src\main\AndroidManifest.xml:82:13-63
85            android:label="@string/title_activity_preference" >
85-->src\main\AndroidManifest.xml:83:13-62
86        </activity>
87
88        <meta-data
88-->[com.android.support:design:26.1.0] AndroidManifest.xml:26:9-28:38
89            android:name="android.support.VERSION"
89-->[com.android.support:design:26.1.0] AndroidManifest.xml:27:13-51
90            android:value="26.1.0" />
90-->[com.android.support:design:26.1.0] AndroidManifest.xml:28:13-35
91        <meta-data
91-->[android.arch.lifecycle:runtime:1.0.0] AndroidManifest.xml:25:9-27:47
92            android:name="android.arch.lifecycle.VERSION"
92-->[android.arch.lifecycle:runtime:1.0.0] AndroidManifest.xml:26:13-58
93            android:value="27.0.0-SNAPSHOT" />
93-->[android.arch.lifecycle:runtime:1.0.0] AndroidManifest.xml:27:13-44
94    </application>
95
96</manifest>